<?xml version="1.0" encoding="UTF-8"?>
<!-- Generated by org.testng.reporters.JUnitXMLReporter -->
<testsuite ignored="0" hostname="abhinavdushettis-MacBook-Pro.local" failures="1" tests="1" name="VouchrFrontEnd" time="33.322" errors="0" timestamp="29 Dec. 2020 17:45:34 GMT">
  <testcase classname="PACKAGE1.TemplateCreation" name="Templatecreation" time="31.378">
    <failure type="org.openqa.selenium.TimeoutException" message="Expected condition failed: waiting for presence of any elements located by By.id: slide-5633889397637120-4850061615824896 (tried for 30 second(s) with 500 milliseconds interval)
Build info: version: &amp;apos;3.141.59&amp;apos;, revision: &amp;apos;e82be7d358&amp;apos;, time: &amp;apos;2018-11-14T08:17:03&amp;apos;
System info: host: &amp;apos;abhinavdushettis-MacBook-Pro.local&amp;apos;, ip: &amp;apos;2607:fea8:541f:c560:0:0:0:fa2b%en0&amp;apos;, os.name: &amp;apos;Mac OS X&amp;apos;, os.arch: &amp;apos;x86_64&amp;apos;, os.version: &amp;apos;10.15.4&amp;apos;, java.version: &amp;apos;14.0.1&amp;apos;
Driver info: org.openqa.selenium.chrome.ChromeDriver
Capabilities {acceptInsecureCerts: false, browserName: chrome, browserVersion: 87.0.4280.88, chrome: {chromedriverVersion: 87.0.4280.88 (89e2380a3e36c..., userDataDir: /var/folders/7q/rsrjx2l16f3...}, goog:chromeOptions: {debuggerAddress: localhost:49179}, javascriptEnabled: true, networkConnectionEnabled: false, pageLoadStrategy: normal, platform: MAC, platformName: MAC, proxy: Proxy(), setWindowRect: true, strictFileInteractability: false, timeouts: {implicit: 0, pageLoad: 300000, script: 30000}, unhandledPromptBehavior: dismiss and notify, webauthn:virtualAuthenticators: true}
Session ID: 4947048fc2d01ed2e98dc6052213aa8d">
      <![CDATA[org.openqa.selenium.TimeoutException: Expected condition failed: waiting for presence of any elements located by By.id: slide-5633889397637120-4850061615824896 (tried for 30 second(s) with 500 milliseconds interval)
Build info: version: '3.141.59', revision: 'e82be7d358', time: '2018-11-14T08:17:03'
System info: host: 'abhinavdushettis-MacBook-Pro.local', ip: '2607:fea8:541f:c560:0:0:0:fa2b%en0', os.name: 'Mac OS X', os.arch: 'x86_64', os.version: '10.15.4', java.version: '14.0.1'
Driver info: org.openqa.selenium.chrome.ChromeDriver
Capabilities {acceptInsecureCerts: false, browserName: chrome, browserVersion: 87.0.4280.88, chrome: {chromedriverVersion: 87.0.4280.88 (89e2380a3e36c..., userDataDir: /var/folders/7q/rsrjx2l16f3...}, goog:chromeOptions: {debuggerAddress: localhost:49179}, javascriptEnabled: true, networkConnectionEnabled: false, pageLoadStrategy: normal, platform: MAC, platformName: MAC, proxy: Proxy(), setWindowRect: true, strictFileInteractability: false, timeouts: {implicit: 0, pageLoad: 300000, script: 30000}, unhandledPromptBehavior: dismiss and notify, webauthn:virtualAuthenticators: true}
Session ID: 4947048fc2d01ed2e98dc6052213aa8d
at org.openqa.selenium.support.ui.WebDriverWait.timeoutException(WebDriverWait.java:95)
at org.openqa.selenium.support.ui.FluentWait.until(FluentWait.java:272)
at vouchrpages.DiscoverPage.selectTemplateandAddMedia(DiscoverPage.java:89)
at PACKAGE1.TemplateCreation.Templatecreation(TemplateCreation.java:16)
... Removed 29 stack frames]]>
    </failure>
  </testcase> <!-- Templatecreation -->
</testsuite> <!-- VouchrFrontEnd -->
