<?xml version="1.0" encoding="UTF-8"?>
<testsuite xmlns:xsi="http://www.w3.org/2001/XMLSchema-instance" xsi:noNamespaceSchemaLocation="https://maven.apache.org/surefire/maven-surefire-plugin/xsd/surefire-test-report.xsd" name="TestSuite" time="44.025" tests="1" errors="0" skipped="0" failures="1">
  <properties>
    <property name="java.specification.version" value="14"/>
    <property name="sun.jnu.encoding" value="UTF-8"/>
    <property name="java.class.path" value="/Users/abhinavdushetti/eclipse-workspace/Vouchrtesting/target/test-classes:/Users/abhinavdushetti/eclipse-workspace/Vouchrtesting/target/classes:/Users/abhinavdushetti/.m2/repository/junit/junit/3.8.1/junit-3.8.1.jar:/Users/abhinavdushetti/.m2/repository/org/seleniumhq/selenium/selenium-java/3.141.59/selenium-java-3.141.59.jar:/Users/abhinavdushetti/.m2/repository/org/seleniumhq/selenium/selenium-api/3.141.59/selenium-api-3.141.59.jar:/Users/abhinavdushetti/.m2/repository/org/seleniumhq/selenium/selenium-chrome-driver/3.141.59/selenium-chrome-driver-3.141.59.jar:/Users/abhinavdushetti/.m2/repository/org/seleniumhq/selenium/selenium-edge-driver/3.141.59/selenium-edge-driver-3.141.59.jar:/Users/abhinavdushetti/.m2/repository/org/seleniumhq/selenium/selenium-firefox-driver/3.141.59/selenium-firefox-driver-3.141.59.jar:/Users/abhinavdushetti/.m2/repository/org/seleniumhq/selenium/selenium-ie-driver/3.141.59/selenium-ie-driver-3.141.59.jar:/Users/abhinavdushetti/.m2/repository/org/seleniumhq/selenium/selenium-opera-driver/3.141.59/selenium-opera-driver-3.141.59.jar:/Users/abhinavdushetti/.m2/repository/org/seleniumhq/selenium/selenium-remote-driver/3.141.59/selenium-remote-driver-3.141.59.jar:/Users/abhinavdushetti/.m2/repository/org/seleniumhq/selenium/selenium-safari-driver/3.141.59/selenium-safari-driver-3.141.59.jar:/Users/abhinavdushetti/.m2/repository/org/seleniumhq/selenium/selenium-support/3.141.59/selenium-support-3.141.59.jar:/Users/abhinavdushetti/.m2/repository/net/bytebuddy/byte-buddy/1.8.15/byte-buddy-1.8.15.jar:/Users/abhinavdushetti/.m2/repository/org/apache/commons/commons-exec/1.3/commons-exec-1.3.jar:/Users/abhinavdushetti/.m2/repository/com/google/guava/guava/25.0-jre/guava-25.0-jre.jar:/Users/abhinavdushetti/.m2/repository/com/google/code/findbugs/jsr305/1.3.9/jsr305-1.3.9.jar:/Users/abhinavdushetti/.m2/repository/org/checkerframework/checker-compat-qual/2.0.0/checker-compat-qual-2.0.0.jar:/Users/abhinavdushetti/.m2/repository/com/google/errorprone/error_prone_annotations/2.1.3/error_prone_annotations-2.1.3.jar:/Users/abhinavdushetti/.m2/repository/com/google/j2objc/j2objc-annotations/1.1/j2objc-annotations-1.1.jar:/Users/abhinavdushetti/.m2/repository/org/codehaus/mojo/animal-sniffer-annotations/1.14/animal-sniffer-annotations-1.14.jar:/Users/abhinavdushetti/.m2/repository/com/squareup/okhttp3/okhttp/3.11.0/okhttp-3.11.0.jar:/Users/abhinavdushetti/.m2/repository/com/squareup/okio/okio/1.14.0/okio-1.14.0.jar:/Users/abhinavdushetti/.m2/repository/framework/VouchrFramework/0.0.1-SNAPSHOT/VouchrFramework-0.0.1-SNAPSHOT.jar:/Users/abhinavdushetti/.m2/repository/log4j/log4j/1.2.17/log4j-1.2.17.jar:/Users/abhinavdushetti/.m2/repository/com/relevantcodes/extentreports/2.41.2/extentreports-2.41.2.jar:/Users/abhinavdushetti/.m2/repository/org/jsoup/jsoup/1.8.3/jsoup-1.8.3.jar:/Users/abhinavdushetti/.m2/repository/org/xerial/sqlite-jdbc/3.8.11.1/sqlite-jdbc-3.8.11.1.jar:/Users/abhinavdushetti/.m2/repository/org/freemarker/freemarker/2.3.23/freemarker-2.3.23.jar:/Users/abhinavdushetti/.m2/repository/org/mongodb/mongodb-driver/3.0.4/mongodb-driver-3.0.4.jar:/Users/abhinavdushetti/.m2/repository/org/mongodb/bson/3.0.4/bson-3.0.4.jar:/Users/abhinavdushetti/.m2/repository/org/mongodb/mongodb-driver-core/3.0.4/mongodb-driver-core-3.0.4.jar:/Users/abhinavdushetti/.m2/repository/org/apache/poi/poi/4.1.0/poi-4.1.0.jar:/Users/abhinavdushetti/.m2/repository/commons-codec/commons-codec/1.12/commons-codec-1.12.jar:/Users/abhinavdushetti/.m2/repository/org/apache/commons/commons-collections4/4.3/commons-collections4-4.3.jar:/Users/abhinavdushetti/.m2/repository/org/apache/commons/commons-math3/3.6.1/commons-math3-3.6.1.jar:/Users/abhinavdushetti/.m2/repository/org/apache/poi/poi-ooxml/4.1.0/poi-ooxml-4.1.0.jar:/Users/abhinavdushetti/.m2/repository/org/apache/poi/poi-ooxml-schemas/4.1.0/poi-ooxml-schemas-4.1.0.jar:/Users/abhinavdushetti/.m2/repository/org/apache/xmlbeans/xmlbeans/3.1.0/xmlbeans-3.1.0.jar:/Users/abhinavdushetti/.m2/repository/org/apache/commons/commons-compress/1.18/commons-compress-1.18.jar:/Users/abhinavdushetti/.m2/repository/com/github/virtuald/curvesapi/1.06/curvesapi-1.06.jar:/Users/abhinavdushetti/.m2/repository/org/testng/testng/6.14.3/testng-6.14.3.jar:/Users/abhinavdushetti/.m2/repository/com/beust/jcommander/1.72/jcommander-1.72.jar:/Users/abhinavdushetti/.m2/repository/org/apache-extras/beanshell/bsh/2.0b6/bsh-2.0b6.jar:/Users/abhinavdushetti/.m2/repository/org/apache/maven/surefire/surefire-testng-utils/2.22.0/surefire-testng-utils-2.22.0.jar:/Users/abhinavdushetti/.m2/repository/org/apache/maven/surefire/surefire-grouper/2.22.0/surefire-grouper-2.22.0.jar:"/>
    <property name="java.vm.vendor" value="Oracle Corporation"/>
    <property name="sun.arch.data.model" value="64"/>
    <property name="java.vendor.url" value="https://java.oracle.com/"/>
    <property name="os.name" value="Mac OS X"/>
    <property name="java.vm.specification.version" value="14"/>
    <property name="sun.java.launcher" value="SUN_STANDARD"/>
    <property name="user.country" value="CA"/>
    <property name="sun.boot.library.path" value="/Library/Java/JavaVirtualMachines/jdk-14.0.1.jdk/Contents/Home/lib"/>
    <property name="sun.java.command" value="/Users/abhinavdushetti/eclipse-workspace/Vouchrtesting/target/surefire/surefirebooter6430822558935354633.jar /Users/abhinavdushetti/eclipse-workspace/Vouchrtesting/target/surefire 2020-12-29T12-44-49_904-jvmRun1 surefire17832766449192457940tmp surefire_011600951340657349127tmp"/>
    <property name="http.nonProxyHosts" value="local|*.local|169.254/16|*.169.254/16"/>
    <property name="jdk.debug" value="release"/>
    <property name="surefire.test.class.path" value="/Users/abhinavdushetti/eclipse-workspace/Vouchrtesting/target/test-classes:/Users/abhinavdushetti/eclipse-workspace/Vouchrtesting/target/classes:/Users/abhinavdushetti/.m2/repository/junit/junit/3.8.1/junit-3.8.1.jar:/Users/abhinavdushetti/.m2/repository/org/seleniumhq/selenium/selenium-java/3.141.59/selenium-java-3.141.59.jar:/Users/abhinavdushetti/.m2/repository/org/seleniumhq/selenium/selenium-api/3.141.59/selenium-api-3.141.59.jar:/Users/abhinavdushetti/.m2/repository/org/seleniumhq/selenium/selenium-chrome-driver/3.141.59/selenium-chrome-driver-3.141.59.jar:/Users/abhinavdushetti/.m2/repository/org/seleniumhq/selenium/selenium-edge-driver/3.141.59/selenium-edge-driver-3.141.59.jar:/Users/abhinavdushetti/.m2/repository/org/seleniumhq/selenium/selenium-firefox-driver/3.141.59/selenium-firefox-driver-3.141.59.jar:/Users/abhinavdushetti/.m2/repository/org/seleniumhq/selenium/selenium-ie-driver/3.141.59/selenium-ie-driver-3.141.59.jar:/Users/abhinavdushetti/.m2/repository/org/seleniumhq/selenium/selenium-opera-driver/3.141.59/selenium-opera-driver-3.141.59.jar:/Users/abhinavdushetti/.m2/repository/org/seleniumhq/selenium/selenium-remote-driver/3.141.59/selenium-remote-driver-3.141.59.jar:/Users/abhinavdushetti/.m2/repository/org/seleniumhq/selenium/selenium-safari-driver/3.141.59/selenium-safari-driver-3.141.59.jar:/Users/abhinavdushetti/.m2/repository/org/seleniumhq/selenium/selenium-support/3.141.59/selenium-support-3.141.59.jar:/Users/abhinavdushetti/.m2/repository/net/bytebuddy/byte-buddy/1.8.15/byte-buddy-1.8.15.jar:/Users/abhinavdushetti/.m2/repository/org/apache/commons/commons-exec/1.3/commons-exec-1.3.jar:/Users/abhinavdushetti/.m2/repository/com/google/guava/guava/25.0-jre/guava-25.0-jre.jar:/Users/abhinavdushetti/.m2/repository/com/google/code/findbugs/jsr305/1.3.9/jsr305-1.3.9.jar:/Users/abhinavdushetti/.m2/repository/org/checkerframework/checker-compat-qual/2.0.0/checker-compat-qual-2.0.0.jar:/Users/abhinavdushetti/.m2/repository/com/google/errorprone/error_prone_annotations/2.1.3/error_prone_annotations-2.1.3.jar:/Users/abhinavdushetti/.m2/repository/com/google/j2objc/j2objc-annotations/1.1/j2objc-annotations-1.1.jar:/Users/abhinavdushetti/.m2/repository/org/codehaus/mojo/animal-sniffer-annotations/1.14/animal-sniffer-annotations-1.14.jar:/Users/abhinavdushetti/.m2/repository/com/squareup/okhttp3/okhttp/3.11.0/okhttp-3.11.0.jar:/Users/abhinavdushetti/.m2/repository/com/squareup/okio/okio/1.14.0/okio-1.14.0.jar:/Users/abhinavdushetti/.m2/repository/framework/VouchrFramework/0.0.1-SNAPSHOT/VouchrFramework-0.0.1-SNAPSHOT.jar:/Users/abhinavdushetti/.m2/repository/log4j/log4j/1.2.17/log4j-1.2.17.jar:/Users/abhinavdushetti/.m2/repository/com/relevantcodes/extentreports/2.41.2/extentreports-2.41.2.jar:/Users/abhinavdushetti/.m2/repository/org/jsoup/jsoup/1.8.3/jsoup-1.8.3.jar:/Users/abhinavdushetti/.m2/repository/org/xerial/sqlite-jdbc/3.8.11.1/sqlite-jdbc-3.8.11.1.jar:/Users/abhinavdushetti/.m2/repository/org/freemarker/freemarker/2.3.23/freemarker-2.3.23.jar:/Users/abhinavdushetti/.m2/repository/org/mongodb/mongodb-driver/3.0.4/mongodb-driver-3.0.4.jar:/Users/abhinavdushetti/.m2/repository/org/mongodb/bson/3.0.4/bson-3.0.4.jar:/Users/abhinavdushetti/.m2/repository/org/mongodb/mongodb-driver-core/3.0.4/mongodb-driver-core-3.0.4.jar:/Users/abhinavdushetti/.m2/repository/org/apache/poi/poi/4.1.0/poi-4.1.0.jar:/Users/abhinavdushetti/.m2/repository/commons-codec/commons-codec/1.12/commons-codec-1.12.jar:/Users/abhinavdushetti/.m2/repository/org/apache/commons/commons-collections4/4.3/commons-collections4-4.3.jar:/Users/abhinavdushetti/.m2/repository/org/apache/commons/commons-math3/3.6.1/commons-math3-3.6.1.jar:/Users/abhinavdushetti/.m2/repository/org/apache/poi/poi-ooxml/4.1.0/poi-ooxml-4.1.0.jar:/Users/abhinavdushetti/.m2/repository/org/apache/poi/poi-ooxml-schemas/4.1.0/poi-ooxml-schemas-4.1.0.jar:/Users/abhinavdushetti/.m2/repository/org/apache/xmlbeans/xmlbeans/3.1.0/xmlbeans-3.1.0.jar:/Users/abhinavdushetti/.m2/repository/org/apache/commons/commons-compress/1.18/commons-compress-1.18.jar:/Users/abhinavdushetti/.m2/repository/com/github/virtuald/curvesapi/1.06/curvesapi-1.06.jar:/Users/abhinavdushetti/.m2/repository/org/testng/testng/6.14.3/testng-6.14.3.jar:/Users/abhinavdushetti/.m2/repository/com/beust/jcommander/1.72/jcommander-1.72.jar:/Users/abhinavdushetti/.m2/repository/org/apache-extras/beanshell/bsh/2.0b6/bsh-2.0b6.jar:/Users/abhinavdushetti/.m2/repository/org/apache/maven/surefire/surefire-testng-utils/2.22.0/surefire-testng-utils-2.22.0.jar:/Users/abhinavdushetti/.m2/repository/org/apache/maven/surefire/surefire-grouper/2.22.0/surefire-grouper-2.22.0.jar:"/>
    <property name="sun.cpu.endian" value="little"/>
    <property name="user.home" value="/Users/abhinavdushetti"/>
    <property name="user.language" value="en"/>
    <property name="java.specification.vendor" value="Oracle Corporation"/>
    <property name="java.version.date" value="2020-04-14"/>
    <property name="java.home" value="/Library/Java/JavaVirtualMachines/jdk-14.0.1.jdk/Contents/Home"/>
    <property name="file.separator" value="/"/>
    <property name="basedir" value="/Users/abhinavdushetti/eclipse-workspace/Vouchrtesting"/>
    <property name="java.vm.compressedOopsMode" value="Zero based"/>
    <property name="line.separator" value="&#10;"/>
    <property name="java.specification.name" value="Java Platform API Specification"/>
    <property name="java.vm.specification.vendor" value="Oracle Corporation"/>
    <property name="surefire.real.class.path" value="/Users/abhinavdushetti/eclipse-workspace/Vouchrtesting/target/surefire/surefirebooter6430822558935354633.jar"/>
    <property name="sun.management.compiler" value="HotSpot 64-Bit Tiered Compilers"/>
    <property name="ftp.nonProxyHosts" value="local|*.local|169.254/16|*.169.254/16"/>
    <property name="java.runtime.version" value="14.0.1+7"/>
    <property name="user.name" value="abhinavdushetti"/>
    <property name="path.separator" value=":"/>
    <property name="os.version" value="10.15.4"/>
    <property name="java.runtime.name" value="Java(TM) SE Runtime Environment"/>
    <property name="file.encoding" value="UTF-8"/>
    <property name="java.vm.name" value="Java HotSpot(TM) 64-Bit Server VM"/>
    <property name="localRepository" value="/Users/abhinavdushetti/.m2/repository"/>
    <property name="java.vendor.url.bug" value="https://bugreport.java.com/bugreport/"/>
    <property name="java.io.tmpdir" value="/var/folders/7q/rsrjx2l16f3ftt_6sbtsbvq40000gn/T/"/>
    <property name="java.version" value="14.0.1"/>
    <property name="user.dir" value="/Users/abhinavdushetti/eclipse-workspace/Vouchrtesting"/>
    <property name="os.arch" value="x86_64"/>
    <property name="java.vm.specification.name" value="Java Virtual Machine Specification"/>
    <property name="java.library.path" value="/Users/abhinavdushetti/Library/Java/Extensions:/Library/Java/Extensions:/Network/Library/Java/Extensions:/System/Library/Java/Extensions:/usr/lib/java:."/>
    <property name="java.vm.info" value="mixed mode, sharing"/>
    <property name="java.vendor" value="Oracle Corporation"/>
    <property name="java.vm.version" value="14.0.1+7"/>
    <property name="sun.io.unicode.encoding" value="UnicodeBig"/>
    <property name="socksNonProxyHosts" value="local|*.local|169.254/16|*.169.254/16"/>
    <property name="java.class.version" value="58.0"/>
  </properties>
  <testcase name="Templatecreation" classname="PACKAGE1.TemplateCreation" time="31.389">
    <failure message="Expected condition failed: waiting for presence of any elements located by By.id: slide-5633889397637120-4850061615824896 (tried for 30 second(s) with 500 milliseconds interval)&#10;Build info: version: &apos;3.141.59&apos;, revision: &apos;e82be7d358&apos;, time: &apos;2018-11-14T08:17:03&apos;&#10;System info: host: &apos;abhinavdushettis-MacBook-Pro.local&apos;, ip: &apos;2607:fea8:541f:c560:0:0:0:fa2b%en0&apos;, os.name: &apos;Mac OS X&apos;, os.arch: &apos;x86_64&apos;, os.version: &apos;10.15.4&apos;, java.version: &apos;14.0.1&apos;&#10;Driver info: org.openqa.selenium.chrome.ChromeDriver&#10;Capabilities {acceptInsecureCerts: false, browserName: chrome, browserVersion: 87.0.4280.88, chrome: {chromedriverVersion: 87.0.4280.88 (89e2380a3e36c..., userDataDir: /var/folders/7q/rsrjx2l16f3...}, goog:chromeOptions: {debuggerAddress: localhost:49179}, javascriptEnabled: true, networkConnectionEnabled: false, pageLoadStrategy: normal, platform: MAC, platformName: MAC, proxy: Proxy(), setWindowRect: true, strictFileInteractability: false, timeouts: {implicit: 0, pageLoad: 300000, script: 30000}, unhandledPromptBehavior: dismiss and notify, webauthn:virtualAuthenticators: true}&#10;Session ID: 4947048fc2d01ed2e98dc6052213aa8d" type="org.openqa.selenium.TimeoutException">org.openqa.selenium.TimeoutException: 
Expected condition failed: waiting for presence of any elements located by By.id: slide-5633889397637120-4850061615824896 (tried for 30 second(s) with 500 milliseconds interval)
Build info: version: '3.141.59', revision: 'e82be7d358', time: '2018-11-14T08:17:03'
System info: host: 'abhinavdushettis-MacBook-Pro.local', ip: '2607:fea8:541f:c560:0:0:0:fa2b%en0', os.name: 'Mac OS X', os.arch: 'x86_64', os.version: '10.15.4', java.version: '14.0.1'
Driver info: org.openqa.selenium.chrome.ChromeDriver
Capabilities {acceptInsecureCerts: false, browserName: chrome, browserVersion: 87.0.4280.88, chrome: {chromedriverVersion: 87.0.4280.88 (89e2380a3e36c..., userDataDir: /var/folders/7q/rsrjx2l16f3...}, goog:chromeOptions: {debuggerAddress: localhost:49179}, javascriptEnabled: true, networkConnectionEnabled: false, pageLoadStrategy: normal, platform: MAC, platformName: MAC, proxy: Proxy(), setWindowRect: true, strictFileInteractability: false, timeouts: {implicit: 0, pageLoad: 300000, script: 30000}, unhandledPromptBehavior: dismiss and notify, webauthn:virtualAuthenticators: true}
Session ID: 4947048fc2d01ed2e98dc6052213aa8d
	at PACKAGE1.TemplateCreation.Templatecreation(TemplateCreation.java:16)
</failure>
    <system-err><![CDATA[Dec. 29, 2020 12:44:55 P.M. com.relevantcodes.extentreports.ExtentReports loadConfig
WARNING: Unable to perform report configuration. The file /Users/abhinavdushetti/eclipse-workspace/Vouchrtesting\extent-config.xml was not found.
Starting ChromeDriver 87.0.4280.88 (89e2380a3e36c3464b5dd1302349b1382549290d-refs/branch-heads/4280@{#1761}) on port 32216
Only local connections are allowed.
Please see https://chromedriver.chromium.org/security-considerations for suggestions on keeping ChromeDriver safe.
ChromeDriver was started successfully.
Dec. 29, 2020 12:44:57 P.M. org.openqa.selenium.remote.ProtocolHandshake createSession
INFO: Detected dialect: W3C
]]></system-err>
  </testcase>
</testsuite>